ARM GAS  /tmp/ccQvyjPw.s 			page 1


   1              		.cpu cortex-m3
   2              		.arch armv7-m
   3              		.fpu softvfp
   4              		.eabi_attribute 20, 1
   5              		.eabi_attribute 21, 1
   6              		.eabi_attribute 23, 3
   7              		.eabi_attribute 24, 1
   8              		.eabi_attribute 25, 1
   9              		.eabi_attribute 26, 1
  10              		.eabi_attribute 30, 6
  11              		.eabi_attribute 34, 1
  12              		.eabi_attribute 18, 4
  13              		.file	"arm_cpuid.c"
  14              		.text
  15              	.Ltext0:
  16              		.cfi_sections	.debug_frame
  17              		.file 1 "../../../lib/libhalglue/common/arm_cpuid.c"
  18              		.section	.rodata
  19              		.align	2
  20              	.LC0:
  21 0000 436F7274 		.ascii	"Cortex-M%d r%dp%d\000"
  21      65782D4D 
  21      25642072 
  21      25647025 
  21      6400
  22              		.section	.text.cpuid,"ax",%progbits
  23              		.align	1
  24              		.global	cpuid
  25              		.syntax unified
  26              		.thumb
  27              		.thumb_func
  29              	cpuid:
  30              	.LFB70:
   1:../../../lib/libhalglue/common/arm_cpuid.c **** /*
   2:../../../lib/libhalglue/common/arm_cpuid.c ****  File:		arm_cpuid.c
   3:../../../lib/libhalglue/common/arm_cpuid.c ****  License: 	MIT
   4:../../../lib/libhalglue/common/arm_cpuid.c **** 
   5:../../../lib/libhalglue/common/arm_cpuid.c ****  Copyright (c) 2020 André van Schoubroeck
   6:../../../lib/libhalglue/common/arm_cpuid.c **** 
   7:../../../lib/libhalglue/common/arm_cpuid.c ****  Permission is hereby granted, free of charge, to any person obtaining a copy
   8:../../../lib/libhalglue/common/arm_cpuid.c ****  of this software and associated documentation files (the "Software"), to deal
   9:../../../lib/libhalglue/common/arm_cpuid.c ****  in the Software without restriction, including without limitation the rights
  10:../../../lib/libhalglue/common/arm_cpuid.c ****  to use, copy, modify, merge, publish, distribute, sublicense, and/or sell
  11:../../../lib/libhalglue/common/arm_cpuid.c ****  copies of the Software, and to permit persons to whom the Software is
  12:../../../lib/libhalglue/common/arm_cpuid.c ****  furnished to do so, subject to the following conditions:
  13:../../../lib/libhalglue/common/arm_cpuid.c **** 
  14:../../../lib/libhalglue/common/arm_cpuid.c ****  The above copyright notice and this permission notice shall be included in all
  15:../../../lib/libhalglue/common/arm_cpuid.c ****  copies or substantial portions of the Software.
  16:../../../lib/libhalglue/common/arm_cpuid.c **** 
  17:../../../lib/libhalglue/common/arm_cpuid.c ****  THE SOFTWARE IS PROVIDED "AS IS", WITHOUT WARRANTY OF ANY KIND, EXPRESS OR
  18:../../../lib/libhalglue/common/arm_cpuid.c ****  IMPLIED, INCLUDING BUT NOT LIMITED TO THE WARRANTIES OF MERCHANTABILITY,
  19:../../../lib/libhalglue/common/arm_cpuid.c ****  FITNESS FOR A PARTICULAR PURPOSE AND NONINFRINGEMENT. IN NO EVENT SHALL THE
  20:../../../lib/libhalglue/common/arm_cpuid.c ****  AUTHORS OR COPYRIGHT HOLDERS BE LIABLE FOR ANY CLAIM, DAMAGES OR OTHER
  21:../../../lib/libhalglue/common/arm_cpuid.c ****  LIABILITY, WHETHER IN AN ACTION OF CONTRACT, TORT OR OTHERWISE, ARISING FROM,
  22:../../../lib/libhalglue/common/arm_cpuid.c ****  OUT OF OR IN CONNECTION WITH THE SOFTWARE OR THE USE OR OTHER DEALINGS IN THE
  23:../../../lib/libhalglue/common/arm_cpuid.c ****  SOFTWARE.
  24:../../../lib/libhalglue/common/arm_cpuid.c ****  */
ARM GAS  /tmp/ccQvyjPw.s 			page 2


  25:../../../lib/libhalglue/common/arm_cpuid.c **** 
  26:../../../lib/libhalglue/common/arm_cpuid.c **** #include <stdint.h>
  27:../../../lib/libhalglue/common/arm_cpuid.c **** #include <stdio.h>
  28:../../../lib/libhalglue/common/arm_cpuid.c **** 
  29:../../../lib/libhalglue/common/arm_cpuid.c **** #include "system.h"
  30:../../../lib/libhalglue/common/arm_cpuid.c **** #include "arm_cpuid.h"
  31:../../../lib/libhalglue/common/arm_cpuid.c **** #include <inttypes.h>
  32:../../../lib/libhalglue/common/arm_cpuid.c **** 
  33:../../../lib/libhalglue/common/arm_cpuid.c **** char* cpuid() {
  31              		.loc 1 33 15
  32              		.cfi_startproc
  33              		@ args = 0, pretend = 0, frame = 8
  34              		@ frame_needed = 1, uses_anonymous_args = 0
  35 0000 80B5     		push	{r7, lr}
  36              		.cfi_def_cfa_offset 8
  37              		.cfi_offset 7, -8
  38              		.cfi_offset 14, -4
  39 0002 84B0     		sub	sp, sp, #16
  40              		.cfi_def_cfa_offset 24
  41 0004 02AF     		add	r7, sp, #8
  42              		.cfi_def_cfa 7, 16
  34:../../../lib/libhalglue/common/arm_cpuid.c **** 	static char buff[64] = "Unknown";
  35:../../../lib/libhalglue/common/arm_cpuid.c **** 	// ARM v7m manual,page 702, section B4.1.2.
  36:../../../lib/libhalglue/common/arm_cpuid.c **** 	// 0xE000ED00 // CPUID
  37:../../../lib/libhalglue/common/arm_cpuid.c **** 	SCB->CPUID;
  43              		.loc 1 37 5
  44 0006 1A4B     		ldr	r3, .L4
  45 0008 1B68     		ldr	r3, [r3]
  38:../../../lib/libhalglue/common/arm_cpuid.c **** 	cpuid_t *cpuid = (cpuid_t*) (&SCB->CPUID);
  46              		.loc 1 38 11
  47 000a 194B     		ldr	r3, .L4
  48 000c 7B60     		str	r3, [r7, #4]
  39:../../../lib/libhalglue/common/arm_cpuid.c **** 	//
  40:../../../lib/libhalglue/common/arm_cpuid.c **** 	if ((cpuid->PartNo & (0b11 << 10)) == (0b11 << 10)) {
  49              		.loc 1 40 12
  50 000e 7B68     		ldr	r3, [r7, #4]
  51 0010 1B88     		ldrh	r3, [r3]	@ movhi
  52 0012 C3F30B13 		ubfx	r3, r3, #4, #12
  53 0016 9BB2     		uxth	r3, r3
  54              		.loc 1 40 21
  55 0018 03F44063 		and	r3, r3, #3072
  56              		.loc 1 40 5
  57 001c B3F5406F 		cmp	r3, #3072
  58 0020 20D1     		bne	.L2
  41:../../../lib/libhalglue/common/arm_cpuid.c **** 		// Cortex family
  42:../../../lib/libhalglue/common/arm_cpuid.c **** 		if ((cpuid->PartNo & (0b10 << 4)) == (0b10 << 4)) {
  59              		.loc 1 42 13
  60 0022 7B68     		ldr	r3, [r7, #4]
  61 0024 1B88     		ldrh	r3, [r3]	@ movhi
  62 0026 C3F30B13 		ubfx	r3, r3, #4, #12
  63 002a 9BB2     		uxth	r3, r3
  64              		.loc 1 42 22
  65 002c 03F02003 		and	r3, r3, #32
  66              		.loc 1 42 6
  67 0030 002B     		cmp	r3, #0
  68 0032 17D0     		beq	.L2
  43:../../../lib/libhalglue/common/arm_cpuid.c **** 			// Cortex M
ARM GAS  /tmp/ccQvyjPw.s 			page 3


  44:../../../lib/libhalglue/common/arm_cpuid.c **** 			sprintf(buff, "Cortex-M%d r%dp%d", cpuid->PartNo & 0xF,
  69              		.loc 1 44 44
  70 0034 7B68     		ldr	r3, [r7, #4]
  71 0036 1B88     		ldrh	r3, [r3]	@ movhi
  72 0038 C3F30B13 		ubfx	r3, r3, #4, #12
  73 003c 9BB2     		uxth	r3, r3
  74              		.loc 1 44 4
  75 003e 03F00F02 		and	r2, r3, #15
  45:../../../lib/libhalglue/common/arm_cpuid.c **** 					cpuid->Variant, cpuid->Revision);
  76              		.loc 1 45 11
  77 0042 7B68     		ldr	r3, [r7, #4]
  78 0044 9B78     		ldrb	r3, [r3, #2]
  79 0046 C3F30313 		ubfx	r3, r3, #4, #4
  80 004a DBB2     		uxtb	r3, r3
  44:../../../lib/libhalglue/common/arm_cpuid.c **** 					cpuid->Variant, cpuid->Revision);
  81              		.loc 1 44 4
  82 004c 1946     		mov	r1, r3
  83              		.loc 1 45 27
  84 004e 7B68     		ldr	r3, [r7, #4]
  85 0050 1B78     		ldrb	r3, [r3]
  86 0052 C3F30303 		ubfx	r3, r3, #0, #4
  87 0056 DBB2     		uxtb	r3, r3
  44:../../../lib/libhalglue/common/arm_cpuid.c **** 					cpuid->Variant, cpuid->Revision);
  88              		.loc 1 44 4
  89 0058 0093     		str	r3, [sp]
  90 005a 0B46     		mov	r3, r1
  91 005c 0549     		ldr	r1, .L4+4
  92 005e 0648     		ldr	r0, .L4+8
  93 0060 FFF7FEFF 		bl	sprintf
  94              	.L2:
  46:../../../lib/libhalglue/common/arm_cpuid.c **** 		}
  47:../../../lib/libhalglue/common/arm_cpuid.c **** 	}
  48:../../../lib/libhalglue/common/arm_cpuid.c **** 	return buff;
  95              		.loc 1 48 9
  96 0064 044B     		ldr	r3, .L4+8
  49:../../../lib/libhalglue/common/arm_cpuid.c **** 	// But the interesting part comes at 0xE000ED40 // ID_PFR0 (Processor Feature Register) and follow
  50:../../../lib/libhalglue/common/arm_cpuid.c **** 	// We should be able to access it through
  51:../../../lib/libhalglue/common/arm_cpuid.c **** 	SCB->PFR[0];
  52:../../../lib/libhalglue/common/arm_cpuid.c **** 	SCB->PFR[1];
  53:../../../lib/libhalglue/common/arm_cpuid.c **** 	/*
  54:../../../lib/libhalglue/common/arm_cpuid.c **** 	 __IM  uint32_t PFR[2U];         		 //< Offset: 0x040 (R/ )  Processor Feature Register
  55:../../../lib/libhalglue/common/arm_cpuid.c **** 	 __IM  uint32_t DFR;                    //< Offset: 0x048 (R/ )  Debug Feature Register
  56:../../../lib/libhalglue/common/arm_cpuid.c **** 	 __IM  uint32_t ADR;                    //< Offset: 0x04C (R/ )  Auxiliary Feature Register
  57:../../../lib/libhalglue/common/arm_cpuid.c **** 	 __IM  uint32_t MMFR[4U];               //< Offset: 0x050 (R/ )  Memory Model Feature Register
  58:../../../lib/libhalglue/common/arm_cpuid.c **** 	 __IM  uint32_t ISAR[5U];               //< Offset: 0x060 (R/ )  Instruction Set Attributes Regist
  59:../../../lib/libhalglue/common/arm_cpuid.c **** 	 */
  60:../../../lib/libhalglue/common/arm_cpuid.c **** 
  61:../../../lib/libhalglue/common/arm_cpuid.c **** }
  97              		.loc 1 61 1
  98 0066 1846     		mov	r0, r3
  99 0068 0837     		adds	r7, r7, #8
 100              		.cfi_def_cfa_offset 8
 101 006a BD46     		mov	sp, r7
 102              		.cfi_def_cfa_register 13
 103              		@ sp needed
 104 006c 80BD     		pop	{r7, pc}
 105              	.L5:
ARM GAS  /tmp/ccQvyjPw.s 			page 4


 106 006e 00BF     		.align	2
 107              	.L4:
 108 0070 00ED00E0 		.word	-536810240
 109 0074 00000000 		.word	.LC0
 110 0078 00000000 		.word	buff.0
 111              		.cfi_endproc
 112              	.LFE70:
 114              		.section	.text.extract_romtable_pid,"ax",%progbits
 115              		.align	1
 116              		.global	extract_romtable_pid
 117              		.syntax unified
 118              		.thumb
 119              		.thumb_func
 121              	extract_romtable_pid:
 122              	.LFB71:
  62:../../../lib/libhalglue/common/arm_cpuid.c **** 
  63:../../../lib/libhalglue/common/arm_cpuid.c **** romtable_pid_t extract_romtable_pid(romtable_id_t *rid) {
 123              		.loc 1 63 57
 124              		.cfi_startproc
 125              		@ args = 0, pretend = 0, frame = 56
 126              		@ frame_needed = 1, uses_anonymous_args = 0
 127              		@ link register save eliminated.
 128 0000 2DE9B00F 		push	{r4, r5, r7, r8, r9, r10, fp}
 129              		.cfi_def_cfa_offset 28
 130              		.cfi_offset 4, -28
 131              		.cfi_offset 5, -24
 132              		.cfi_offset 7, -20
 133              		.cfi_offset 8, -16
 134              		.cfi_offset 9, -12
 135              		.cfi_offset 10, -8
 136              		.cfi_offset 11, -4
 137 0004 8FB0     		sub	sp, sp, #60
 138              		.cfi_def_cfa_offset 88
 139 0006 00AF     		add	r7, sp, #0
 140              		.cfi_def_cfa_register 7
 141 0008 7863     		str	r0, [r7, #52]
 142 000a 3963     		str	r1, [r7, #48]
  64:../../../lib/libhalglue/common/arm_cpuid.c **** 	return (romtable_pid_t ) { .pid = rid->pid0 << 0 | rid->pid1 << 8
 143              		.loc 1 64 46
 144 000c 3B6B     		ldr	r3, [r7, #48]
 145 000e 1A69     		ldr	r2, [r3, #16]
 146              		.loc 1 64 56
 147 0010 3B6B     		ldr	r3, [r7, #48]
 148 0012 5B69     		ldr	r3, [r3, #20]
 149              		.loc 1 64 63
 150 0014 1B02     		lsls	r3, r3, #8
 151              		.loc 1 64 51
 152 0016 1A43     		orrs	r2, r2, r3
  65:../../../lib/libhalglue/common/arm_cpuid.c **** 					| rid->pid2 << 16 | rid->pid3 << 24
 153              		.loc 1 65 11
 154 0018 3B6B     		ldr	r3, [r7, #48]
 155 001a 9B69     		ldr	r3, [r3, #24]
 156              		.loc 1 65 18
 157 001c 1B04     		lsls	r3, r3, #16
 158              		.loc 1 65 6
 159 001e 1A43     		orrs	r2, r2, r3
 160              		.loc 1 65 29
ARM GAS  /tmp/ccQvyjPw.s 			page 5


 161 0020 3B6B     		ldr	r3, [r7, #48]
 162 0022 DB69     		ldr	r3, [r3, #28]
 163              		.loc 1 65 36
 164 0024 1B06     		lsls	r3, r3, #24
 165              		.loc 1 65 24
 166 0026 1343     		orrs	r3, r3, r2
 167 0028 0022     		movs	r2, #0
 168 002a BB62     		str	r3, [r7, #40]
 169 002c FA62     		str	r2, [r7, #44]
  66:../../../lib/libhalglue/common/arm_cpuid.c **** 					| (uint64_t) rid->pid4 << 32 | (uint64_t) rid->pid5 << 40
 170              		.loc 1 66 22
 171 002e 3B6B     		ldr	r3, [r7, #48]
 172 0030 1B68     		ldr	r3, [r3]
 173              		.loc 1 66 8
 174 0032 0022     		movs	r2, #0
 175 0034 3B62     		str	r3, [r7, #32]
 176 0036 7A62     		str	r2, [r7, #36]
 177              		.loc 1 66 29
 178 0038 4FF00002 		mov	r2, #0
 179 003c 4FF00003 		mov	r3, #0
 180 0040 396A     		ldr	r1, [r7, #32]
 181 0042 0B00     		movs	r3, r1
 182 0044 0022     		movs	r2, #0
 183              		.loc 1 66 6
 184 0046 D7E90A01 		ldrd	r0, [r7, #40]
 185 004a 8446     		mov	ip, r0
 186 004c 4CEA020A 		orr	r10, ip, r2
 187 0050 41EA030B 		orr	fp, r1, r3
 188              		.loc 1 66 51
 189 0054 3B6B     		ldr	r3, [r7, #48]
 190 0056 5B68     		ldr	r3, [r3, #4]
 191              		.loc 1 66 37
 192 0058 0022     		movs	r2, #0
 193 005a BB61     		str	r3, [r7, #24]
 194 005c FA61     		str	r2, [r7, #28]
 195              		.loc 1 66 58
 196 005e 4FF00002 		mov	r2, #0
 197 0062 4FF00003 		mov	r3, #0
 198 0066 B969     		ldr	r1, [r7, #24]
 199 0068 0B02     		lsls	r3, r1, #8
 200 006a 0022     		movs	r2, #0
 201              		.loc 1 66 35
 202 006c 4AEA0208 		orr	r8, r10, r2
 203 0070 4BEA0309 		orr	r9, fp, r3
  67:../../../lib/libhalglue/common/arm_cpuid.c **** 					| (uint64_t) rid->pid6 << 48 | (uint64_t) rid->pid7 << 56 } ;
 204              		.loc 1 67 22
 205 0074 3B6B     		ldr	r3, [r7, #48]
 206 0076 9B68     		ldr	r3, [r3, #8]
 207              		.loc 1 67 8
 208 0078 0022     		movs	r2, #0
 209 007a 3B61     		str	r3, [r7, #16]
 210 007c 7A61     		str	r2, [r7, #20]
 211              		.loc 1 67 29
 212 007e 4FF00002 		mov	r2, #0
 213 0082 4FF00003 		mov	r3, #0
 214 0086 3969     		ldr	r1, [r7, #16]
 215 0088 0B04     		lsls	r3, r1, #16
ARM GAS  /tmp/ccQvyjPw.s 			page 6


 216 008a 0022     		movs	r2, #0
 217              		.loc 1 67 6
 218 008c 48EA0204 		orr	r4, r8, r2
 219 0090 49EA0305 		orr	r5, r9, r3
 220              		.loc 1 67 51
 221 0094 3B6B     		ldr	r3, [r7, #48]
 222 0096 DB68     		ldr	r3, [r3, #12]
 223              		.loc 1 67 37
 224 0098 0022     		movs	r2, #0
 225 009a BB60     		str	r3, [r7, #8]
 226 009c FA60     		str	r2, [r7, #12]
 227              		.loc 1 67 58
 228 009e 4FF00002 		mov	r2, #0
 229 00a2 4FF00003 		mov	r3, #0
 230 00a6 B968     		ldr	r1, [r7, #8]
 231 00a8 0B06     		lsls	r3, r1, #24
 232 00aa 0022     		movs	r2, #0
 233              		.loc 1 67 35
 234 00ac 44EA0201 		orr	r1, r4, r2
 235 00b0 3960     		str	r1, [r7]
 236 00b2 2B43     		orrs	r3, r3, r5
 237 00b4 7B60     		str	r3, [r7, #4]
  64:../../../lib/libhalglue/common/arm_cpuid.c **** 					| rid->pid2 << 16 | rid->pid3 << 24
 238              		.loc 1 64 9
 239 00b6 7B6B     		ldr	r3, [r7, #52]
 240 00b8 D7E90012 		ldrd	r1, [r7]
 241 00bc C3E90012 		strd	r1, [r3]
  68:../../../lib/libhalglue/common/arm_cpuid.c **** 		}
 242              		.loc 1 68 3
 243 00c0 786B     		ldr	r0, [r7, #52]
 244 00c2 3C37     		adds	r7, r7, #60
 245              		.cfi_def_cfa_offset 28
 246 00c4 BD46     		mov	sp, r7
 247              		.cfi_def_cfa_register 13
 248              		@ sp needed
 249 00c6 BDE8B00F 		pop	{r4, r5, r7, r8, r9, r10, fp}
 250              		.cfi_restore 11
 251              		.cfi_restore 10
 252              		.cfi_restore 9
 253              		.cfi_restore 8
 254              		.cfi_restore 7
 255              		.cfi_restore 5
 256              		.cfi_restore 4
 257              		.cfi_def_cfa_offset 0
 258 00ca 7047     		bx	lr
 259              		.cfi_endproc
 260              	.LFE71:
 262              		.section	.data.buff.0,"aw"
 263              		.align	2
 266              	buff.0:
 267 0000 556E6B6E 		.ascii	"Unknown\000"
 267      6F776E00 
 268 0008 00000000 		.space	56
 268      00000000 
 268      00000000 
 268      00000000 
 268      00000000 
ARM GAS  /tmp/ccQvyjPw.s 			page 7


 269              		.text
 270              	.Letext0:
 271              		.file 2 "/usr/arm-none-eabi/include/machine/_default_types.h"
 272              		.file 3 "/usr/arm-none-eabi/include/sys/_stdint.h"
 273              		.file 4 "../../../ext/CMSIS_5//CMSIS/Core/Include/core_cm3.h"
 274              		.file 5 "../../../lib/libhalglue/common/arm_cpuid.h"
 275              		.file 6 "/usr/arm-none-eabi/include/stdio.h"
ARM GAS  /tmp/ccQvyjPw.s 			page 8


DEFINED SYMBOLS
                            *ABS*:0000000000000000 arm_cpuid.c
     /tmp/ccQvyjPw.s:19     .rodata:0000000000000000 $d
     /tmp/ccQvyjPw.s:23     .text.cpuid:0000000000000000 $t
     /tmp/ccQvyjPw.s:29     .text.cpuid:0000000000000000 cpuid
     /tmp/ccQvyjPw.s:108    .text.cpuid:0000000000000070 $d
     /tmp/ccQvyjPw.s:266    .data.buff.0:0000000000000000 buff.0
     /tmp/ccQvyjPw.s:115    .text.extract_romtable_pid:0000000000000000 $t
     /tmp/ccQvyjPw.s:121    .text.extract_romtable_pid:0000000000000000 extract_romtable_pid
     /tmp/ccQvyjPw.s:263    .data.buff.0:0000000000000000 $d
                           .group:0000000000000000 wm4.0.2a10468dd89b593cd64cc189d36e5bb7
                           .group:0000000000000000 wm4._newlib_version.h.4.529115dae5e4f67702b1de0b6e841f38
                           .group:0000000000000000 wm4.features.h.33.3e67abe6fb64142d4f6fa9496796153c
                           .group:0000000000000000 wm4._default_types.h.15.247e5cd201eca3442cbf5404108c4935
                           .group:0000000000000000 wm4._intsup.h.10.48bafbb683905c4daa4565a85aeeb264
                           .group:0000000000000000 wm4._stdint.h.10.c24fa3af3bc1706662bb5593a907e841
                           .group:0000000000000000 wm4.stdint.h.23.d53047a68f4a85177f80b422d52785ed
                           .group:0000000000000000 wm4.newlib.h.8.e83e89ee5a2baa7686bbb3d2021a9409
                           .group:0000000000000000 wm4.ieeefp.h.77.25247dc27dbe3b23bfe98c2dc18f6ac5
                           .group:0000000000000000 wm4.config.h.224.18dfb280c62ae4ee788eb67b451eb1a6
                           .group:0000000000000000 wm4._ansi.h.31.de524f58584151836e90d8620a16f8e8
                           .group:0000000000000000 wm4.stdio.h.31.7c0e28c411445f3f9c5b11accf882760
                           .group:0000000000000000 wm4.stddef.h.185.cbb642e1ccd385e8aa504b15cb7fb086
                           .group:0000000000000000 wm4.cdefs.h.49.39045112216f6a021dbdffe3bf5accce
                           .group:0000000000000000 wm4.stddef.h.39.0e5f0dabba1c666ccadf0408e0d47322
                           .group:0000000000000000 wm4.stdarg.h.34.3a23a216c0c293b3d2ea2e89281481e6
                           .group:0000000000000000 wm4._types.h.20.dd0d04dca3800a0d2a6129b87f3adbb2
                           .group:0000000000000000 wm4.stddef.h.158.5f30652bb2ea05b142c1bbee9108c999
                           .group:0000000000000000 wm4._types.h.127.34941de1b2539d59d5cac00e0dd27a45
                           .group:0000000000000000 wm4.reent.h.17.e292bf8b0bec6c96e131a54347145a30
                           .group:0000000000000000 wm4.lock.h.2.1461d1fff82dffe8bfddc23307f6484f
                           .group:0000000000000000 wm4.reent.h.77.dcd6129ff07fe81bd5636db29abe53b2
                           .group:0000000000000000 wm4.types.h.40.8b6acba56cefbb11746718204edc8f5e
                           .group:0000000000000000 wm4._endian.h.31.65a10590763c3dde1ac4a7f66d7d4891
                           .group:0000000000000000 wm4.endian.h.9.49f3a4695c1b61e8a0808de3c4a106cb
                           .group:0000000000000000 wm4._timeval.h.32.bec3221fa7a9bb0bdde696c9c57e47d2
                           .group:0000000000000000 wm4.timespec.h.41.d855182eb0e690443ab8651bcedca6e1
                           .group:0000000000000000 wm4.select.h.19.40cd3f2bfc456b193b790c2754690ebf
                           .group:0000000000000000 wm4.types.h.51.5571ec98f267d17d3c670b7a3ba33afa
                           .group:0000000000000000 wm4.sched.h.22.c60982713a5c428609783c78f9c78d95
                           .group:0000000000000000 wm4._pthreadtypes.h.36.fcee9961c35163dde6267ef772ad1972
                           .group:0000000000000000 wm4.stdio.h.2.4aa87247282eca6c8f36f9de33d8df1a
                           .group:0000000000000000 wm4.stdio.h.81.932d0c162786b883f622b8d05c120c78
                           .group:0000000000000000 wm4.stm32f1xx.h.39.e8c98c5ce2cd95856eed179966374e12
                           .group:0000000000000000 wm4.stm32f103xb.h.38.ec967d5ad9d3269cb0788eebda048e38
                           .group:0000000000000000 wm4.cmsis_version.h.32.0f826810625204eca22a19868bdc7586
                           .group:0000000000000000 wm4.core_cm3.h.66.fc46cac19810db8f98d67da7ef88f42c
                           .group:0000000000000000 wm4.cmsis_gcc.h.26.549e8fd988111c6b396c357ef98aeb59
                           .group:0000000000000000 wm4.core_cm3.h.127.aaed3d1df272b0aa79c526153017805c
                           .group:0000000000000000 wm4.stm32f103xb.h.573.10249aa7473ca93be896fed94046a725
                           .group:0000000000000000 wm4.stm32f1xx.h.162.96b09079a093c34dbd7f0b85cbd0ddee
                           .group:0000000000000000 wm4.stm32f1xx_hal_conf.h.24.fb218a6cd2ee35d840b3eac0f5fb4119
                           .group:0000000000000000 wm4.stm32_hal_legacy.h.22.3d81dc02d9b9459e9eac6fdca7f8f18e
                           .group:0000000000000000 wm4.stm32f1xx_hal_def.h.56.dfe92d4f76983476d27bcb2e4d801fca
                           .group:0000000000000000 wm4.stm32f1xx_hal_rcc.h.94.78ba4ec8cedd7ba94683a5fabb61b31e
                           .group:0000000000000000 wm4.stm32f1xx_hal_rcc_ex.h.21.8406672c8a3f21f71eb8441fb8ecb4bd
                           .group:0000000000000000 wm4.stm32f1xx_hal_rcc.h.1201.89d14cbb1b46fba2de70512ccfd8d5ce
ARM GAS  /tmp/ccQvyjPw.s 			page 9


                           .group:0000000000000000 wm4.stm32f1xx_hal_gpio.h.21.0099da253a68660e916195d3e8928be3
                           .group:0000000000000000 wm4.stm32f1xx_hal_gpio_ex.h.21.93f1f3ec7660fa76375def81b976f73c
                           .group:0000000000000000 wm4.stm32f1xx_hal_gpio.h.262.7df79220ec7519ba80c1763e6b4854a6
                           .group:0000000000000000 wm4.stm32f1xx_hal_exti.h.21.a7f1b393a0c9b2b56b72ccdbb8dee508
                           .group:0000000000000000 wm4.stm32f1xx_hal_dma.h.21.11e5a204ed6aa790b1cdae2e4192bc9d
                           .group:0000000000000000 wm4.stm32f1xx_hal_dma_ex.h.21.d438f745b4c04dc23f9f569190526864
                           .group:0000000000000000 wm4.stm32f1xx_hal_dma.h.408.14794a3f8621230c9ac7fca0cacf3e57
                           .group:0000000000000000 wm4.stm32f1xx_hal_can.h.21.d1dd4a884a3983bc975efc64fbbd5748
                           .group:0000000000000000 wm4.stm32f1xx_hal_cortex.h.21.6ab92041a8778f53d2d2d96b3825535a
                           .group:0000000000000000 wm4.stm32f1xx_hal_adc.h.21.8ae5a06b46334619d54b2469802d6db6
                           .group:0000000000000000 wm4.stm32f1xx_hal_adc_ex.h.21.f5c9ba15472af26c826d75096ae3e02a
                           .group:0000000000000000 wm4.stm32f1xx_hal_crc.h.21.b5b5d61856236c32a5704a7db1b8c77f
                           .group:0000000000000000 wm4.stm32f1xx_hal_flash.h.21.6df147ac02cc6dec8c4706cc1a34879c
                           .group:0000000000000000 wm4.stm32f1xx_hal_flash_ex.h.21.33e24ce7a8607e16d5a38297454fd963
                           .group:0000000000000000 wm4.stm32f1xx_hal_i2c.h.21.6a947c870feb456d84d10dd871ee01bd
                           .group:0000000000000000 wm4.stm32f1xx_hal_iwdg.h.21.14afe1e30714751a311b81d0791714c2
                           .group:0000000000000000 wm4.stm32f1xx_hal_pwr.h.21.ec3e2cfd4c26fffa32fc4ff0a8ac7390
                           .group:0000000000000000 wm4.stm32f1xx_hal_rtc.h.21.833c91cab3eef49edc59fd371d3c1ce0
                           .group:0000000000000000 wm4.stm32f1xx_hal_rtc_ex.h.21.b671683f6728965b6d8404d04009ed32
                           .group:0000000000000000 wm4.stm32f1xx_hal_spi.h.21.59f3c581a47a8dea5d070b46998af27e
                           .group:0000000000000000 wm4.stm32f1xx_hal_tim.h.21.76f9d96f76cba41ae3b6e27311c6f5ff
                           .group:0000000000000000 wm4.stm32f1xx_hal_uart.h.21.ffd6508e5e0a88f651472e5c80a9d587
                           .group:0000000000000000 wm4.stm32f1xx_hal_usart.h.21.0b32d58c93817e5f10bce7603c316c1e
                           .group:0000000000000000 wm4.stm32f1xx_hal_irda.h.21.b44168150ccb55c331f6e6afe3cf4b88
                           .group:0000000000000000 wm4.stm32f1xx_hal_smartcard.h.21.d256a98de9ec7b58600da5aa4b29abdb
                           .group:0000000000000000 wm4.stm32f1xx_hal_wwdg.h.21.ac611fc4089566604f02b81297147d50
                           .group:0000000000000000 wm4.stm32f1xx_ll_usb.h.21.4cb0f3c145693f977427d01b787de0c7
                           .group:0000000000000000 wm4.stm32f1xx_hal_pcd.h.160.b1d545af3cea9ada15575c2dedd78cdc
                           .group:0000000000000000 wm4.stm32f1xx_hal.h.87.60093b86a987865736d7cddecce3c235
                           .group:0000000000000000 wm4.arm_cpuid.h.28.a837135f8fd99522010eba001d9b4220
                           .group:0000000000000000 wm4.inttypes.h.14.b28deb26920e51e0da310220ef0f9003
                           .group:0000000000000000 wm4.stddef.h.158.bfed30416c9480cd13bc4a25427d538f
                           .group:0000000000000000 wm4.inttypes.h.28.684aa7736e7ecc9a6ffc44acc61c7a90

UNDEFINED SYMBOLS
sprintf
