ARM GAS  /tmp/ccRh74kl.s 			page 1


   1              		.cpu cortex-m3
   2              		.arch armv7-m
   3              		.fpu softvfp
   4              		.eabi_attribute 20, 1
   5              		.eabi_attribute 21, 1
   6              		.eabi_attribute 23, 3
   7              		.eabi_attribute 24, 1
   8              		.eabi_attribute 25, 1
   9              		.eabi_attribute 26, 1
  10              		.eabi_attribute 30, 6
  11              		.eabi_attribute 34, 1
  12              		.eabi_attribute 18, 4
  13              		.file	"bshal_spim.c"
  14              		.text
  15              	.Ltext0:
  16              		.cfi_sections	.debug_frame
  17              		.file 1 "../../../lib/libhalglue/bshal/bshal_spim.c"
  18              	.Letext0:
ARM GAS  /tmp/ccRh74kl.s 			page 2


DEFINED SYMBOLS
                            *ABS*:0000000000000000 bshal_spim.c
                           .group:0000000000000000 wm4.0.2a10468dd89b593cd64cc189d36e5bb7

NO UNDEFINED SYMBOLS
